<?xml version="1.0" encoding="UTF-8"?>
<testng-results skipped="0" failed="1" total="1" passed="0">
  <reporter-output>
  </reporter-output>
  <suite name="Default suite" duration-ms="5861" started-at="2022-01-14T09:32:58Z" finished-at="2022-01-14T09:33:04Z">
    <groups>
    </groups>
    <test name="Default test" duration-ms="5861" started-at="2022-01-14T09:32:58Z" finished-at="2022-01-14T09:33:04Z">
      <class name="Test.Sample2_mavin_proj.RegisterTestCase">
        <test-method status="FAIL" signature="tc01()[pri:0, instance:Test.Sample2_mavin_proj.RegisterTestCase@5419f379]" name="tc01" duration-ms="5831" started-at="2022-01-14T15:02:59Z" finished-at="2022-01-14T15:03:04Z">
          <exception class="org.openqa.selenium.SessionNotCreatedException">
            <message>
              <![CDATA[session not created: This version of ChromeDriver only supports Chrome version 95
Current browser version is 97.0.4692.71 with binary path C:\Program Files (x86)\Google\Chrome\Application\chrome.exe
Build info: version: '3.141.59', revision: 'e82be7d358', time: '2018-11-14T08:17:03'
System info: host: 'LAPTOP-R7I474I9', ip: '10.10.24.234', os.name: 'Windows 10', os.arch: 'amd64', os.version: '10.0', java.version: '1.8.0_261'
Driver info: driver.version: ChromeDriver
remote stacktrace: Backtrace:
	Ordinal0 [0x009D0C43+2493507]
	Ordinal0 [0x0096A4B1+2073777]
	Ordinal0 [0x00872608+1058312]
	Ordinal0 [0x00890771+1181553]
	Ordinal0 [0x0088C57B+1164667]
	Ordinal0 [0x00889DCF+1154511]
	Ordinal0 [0x008B9F0F+1351439]
	Ordinal0 [0x008B9B7A+1350522]
	Ordinal0 [0x008B580B+1333259]
	Ordinal0 [0x00892314+1188628]
	Ordinal0 [0x0089316F+1192303]
	GetHandleVerifier [0x00B57BF6+1548950]
	GetHandleVerifier [0x00C0461C+2256060]
	GetHandleVerifier [0x00A5C13B+518107]
	GetHandleVerifier [0x00A5B1E0+514176]
	Ordinal0 [0x0096F53D+2094397]
	Ordinal0 [0x00973418+2110488]
	Ordinal0 [0x00973552+2110802]
	Ordinal0 [0x0097CE81+2150017]
	BaseThreadInitThunk [0x775EFA29+25]
	RtlGetAppContainerNamedObjectPath [0x77737A9E+286]
	RtlGetAppContainerNamedObjectPath [0x77737A6E+238]
]]>
            </message>
            <full-stacktrace>
              <![CDATA[org.openqa.selenium.SessionNotCreatedException: session not created: This version of ChromeDriver only supports Chrome version 95
Current browser version is 97.0.4692.71 with binary path C:\Program Files (x86)\Google\Chrome\Application\chrome.exe
Build info: version: '3.141.59', revision: 'e82be7d358', time: '2018-11-14T08:17:03'
System info: host: 'LAPTOP-R7I474I9', ip: '10.10.24.234', os.name: 'Windows 10', os.arch: 'amd64', os.version: '10.0', java.version: '1.8.0_261'
Driver info: driver.version: ChromeDriver
remote stacktrace: Backtrace:
	Ordinal0 [0x009D0C43+2493507]
	Ordinal0 [0x0096A4B1+2073777]
	Ordinal0 [0x00872608+1058312]
	Ordinal0 [0x00890771+1181553]
	Ordinal0 [0x0088C57B+1164667]
	Ordinal0 [0x00889DCF+1154511]
	Ordinal0 [0x008B9F0F+1351439]
	Ordinal0 [0x008B9B7A+1350522]
	Ordinal0 [0x008B580B+1333259]
	Ordinal0 [0x00892314+1188628]
	Ordinal0 [0x0089316F+1192303]
	GetHandleVerifier [0x00B57BF6+1548950]
	GetHandleVerifier [0x00C0461C+2256060]
	GetHandleVerifier [0x00A5C13B+518107]
	GetHandleVerifier [0x00A5B1E0+514176]
	Ordinal0 [0x0096F53D+2094397]
	Ordinal0 [0x00973418+2110488]
	Ordinal0 [0x00973552+2110802]
	Ordinal0 [0x0097CE81+2150017]
	BaseThreadInitThunk [0x775EFA29+25]
	RtlGetAppContainerNamedObjectPath [0x77737A9E+286]
	RtlGetAppContainerNamedObjectPath [0x77737A6E+238]

	at sun.reflect.NativeConstructorAccessorImpl.newInstance0(Native Method)
	at sun.reflect.NativeConstructorAccessorImpl.newInstance(Unknown Source)
	at sun.reflect.DelegatingConstructorAccessorImpl.newInstance(Unknown Source)
	at java.lang.reflect.Constructor.newInstance(Unknown Source)
	at org.openqa.selenium.remote.W3CHandshakeResponse.lambda$errorHandler$0(W3CHandshakeResponse.java:62)
	at org.openqa.selenium.remote.HandshakeResponse.lambda$getResponseFunction$0(HandshakeResponse.java:30)
	at org.openqa.selenium.remote.ProtocolHandshake.lambda$createSession$0(ProtocolHandshake.java:126)
	at java.util.stream.ReferencePipeline$3$1.accept(Unknown Source)
	at java.util.Spliterators$ArraySpliterator.tryAdvance(Unknown Source)
	at java.util.stream.ReferencePipeline.forEachWithCancel(Unknown Source)
	at java.util.stream.AbstractPipeline.copyIntoWithCancel(Unknown Source)
	at java.util.stream.AbstractPipeline.copyInto(Unknown Source)
	at java.util.stream.AbstractPipeline.wrapAndCopyInto(Unknown Source)
	at java.util.stream.FindOps$FindOp.evaluateSequential(Unknown Source)
	at java.util.stream.AbstractPipeline.evaluate(Unknown Source)
	at java.util.stream.ReferencePipeline.findFirst(Unknown Source)
	at org.openqa.selenium.remote.ProtocolHandshake.createSession(ProtocolHandshake.java:128)
	at org.openqa.selenium.remote.ProtocolHandshake.createSession(ProtocolHandshake.java:74)
	at org.openqa.selenium.remote.HttpCommandExecutor.execute(HttpCommandExecutor.java:136)
	at org.openqa.selenium.remote.service.DriverCommandExecutor.execute(DriverCommandExecutor.java:83)
	at org.openqa.selenium.remote.RemoteWebDriver.execute(RemoteWebDriver.java:552)
	at org.openqa.selenium.remote.RemoteWebDriver.startSession(RemoteWebDriver.java:213)
	at org.openqa.selenium.remote.RemoteWebDriver.<init>(RemoteWebDriver.java:131)
	at org.openqa.selenium.chrome.ChromeDriver.<init>(ChromeDriver.java:181)
	at org.openqa.selenium.chrome.ChromeDriver.<init>(ChromeDriver.java:168)
	at org.openqa.selenium.chrome.ChromeDriver.<init>(ChromeDriver.java:123)
	at Test.Sample2_mavin_proj.RegisterTestCase.tc01(RegisterTestCase.java:24)
	at sun.reflect.NativeMethodAccessorImpl.invoke0(Native Method)
	at sun.reflect.NativeMethodAccessorImpl.invoke(Unknown Source)
	at sun.reflect.DelegatingMethodAccessorImpl.invoke(Unknown Source)
	at java.lang.reflect.Method.invoke(Unknown Source)
	at org.testng.internal.MethodInvocationHelper.invokeMethod(MethodInvocationHelper.java:86)
	at org.testng.internal.Invoker.invokeMethod(Invoker.java:643)
	at org.testng.internal.Invoker.invokeTestMethod(Invoker.java:820)
	at org.testng.internal.Invoker.invokeTestMethods(Invoker.java:1128)
	at org.testng.internal.TestMethodWorker.invokeTestMethods(TestMethodWorker.java:129)
	at org.testng.internal.TestMethodWorker.run(TestMethodWorker.java:112)
	at org.testng.TestRunner.privateRun(TestRunner.java:782)
	at org.testng.TestRunner.run(TestRunner.java:632)
	at org.testng.SuiteRunner.runTest(SuiteRunner.java:366)
	at org.testng.SuiteRunner.runSequentially(SuiteRunner.java:361)
	at org.testng.SuiteRunner.privateRun(SuiteRunner.java:319)
	at org.testng.SuiteRunner.run(SuiteRunner.java:268)
	at org.testng.SuiteRunnerWorker.runSuite(SuiteRunnerWorker.java:52)
	at org.testng.SuiteRunnerWorker.run(SuiteRunnerWorker.java:86)
	at org.testng.TestNG.runSuitesSequentially(TestNG.java:1244)
	at org.testng.TestNG.runSuitesLocally(TestNG.java:1169)
	at org.testng.TestNG.run(TestNG.java:1064)
	at org.testng.remote.AbstractRemoteTestNG.run(AbstractRemoteTestNG.java:114)
	at org.testng.remote.RemoteTestNG.initAndRun(RemoteTestNG.java:251)
	at org.testng.remote.RemoteTestNG.main(RemoteTestNG.java:77)
]]>
            </full-stacktrace>
          </exception> <!-- org.openqa.selenium.SessionNotCreatedException -->
          <reporter-output>
          </reporter-output>
        </test-method> <!-- tc01 -->
      </class> <!-- Test.Sample2_mavin_proj.RegisterTestCase -->
    </test> <!-- Default test -->
  </suite> <!-- Default suite -->
</testng-results>
