<?xml version="1.0" encoding="UTF-8"?>
<!-- Generated by org.testng.reporters.JUnitXMLReporter -->
<testsuite hostname="LAPTOP-R7I474I9" name="Test" tests="4" failures="0" timestamp="10 Dec 2021 04:18:41 GMT" time="58.497" errors="0">
  <testcase name="tc01" time="10.663" classname="Test.Sample2_mavin_proj.RegisterTestCase"/>
  <testcase name="login" time="13.19" classname="Test.Sample2_mavin_proj.Login_TestAnnot"/>
  <testcase name="simple" time="16.607" classname="Test.Sample2_mavin_proj.DemoDropdown"/>
  <testcase name="logintc1" time="18.001" classname="Test.Sample2_mavin_proj.Guru99test1"/>
</testsuite> <!-- Test -->
